<?xml version="1.0" encoding="UTF-8"?>
<!-- Generated by org.testng.reporters.JUnitReportReporter -->
<testsuite skipped="0" hostname="ramsunkara" name="multiplE.ParallelTestExecution1" tests="6" failures="0" timestamp="13 Jun 2019 06:48:12 GMT" time="0.062" errors="0">
  <testcase name="tc_05" time="0.016" classname="multiplE.ParallelTestExecution1"/>
  <testcase name="tc_05" time="0.004" classname="multiplE.ParallelTestExecution1"/>
  <testcase name="tc_04" time="0.017" classname="multiplE.ParallelTestExecution1"/>
  <testcase name="tc_04" time="0.017" classname="multiplE.ParallelTestExecution1"/>
  <testcase name="tc_06" time="0.004" classname="multiplE.ParallelTestExecution1"/>
  <testcase name="tc_06" time="0.004" classname="multiplE.ParallelTestExecution1"/>
</testsuite> <!-- multiplE.ParallelTestExecution1 -->
