<?xml version="1.0" encoding="UTF-8"?>
<!-- Generated by org.testng.reporters.JUnitReportReporter -->
<testsuite skipped="2" hostname="ramsunkara" name="multiplE.ParallelTestExecution" tests="4" failures="0" timestamp="12 Sep 2019 14:42:18 GMT" time="33.813" errors="0">
  <testcase name="Testing143" time="0.000" classname="multiplE.ParallelTestExecution">
    <skipped/>
  </testcase> <!-- Testing143 -->
  <testcase name="Testing143" time="27.151" classname="multiplE.ParallelTestExecution"/>
  <testcase name="Testing" time="6.662" classname="multiplE.ParallelTestExecution"/>
  <testcase name="Testing" time="0.000" classname="multiplE.ParallelTestExecution">
    <skipped/>
  </testcase> <!-- Testing -->
</testsuite> <!-- multiplE.ParallelTestExecution -->
