<?xml version="1.0" encoding="UTF-8"?>
<!-- Generated by org.testng.reporters.JUnitReportReporter -->
<testsuite skipped="0" hostname="ramsunkara" name="multiplE.WithoutGrid_brw" tests="2" failures="0" timestamp="05 Jun 2019 17:20:16 GMT" time="11.640" errors="0">
  <testcase name="login" time="4.711" classname="multiplE.WithoutGrid_brw"/>
  <testcase name="login" time="6.929" classname="multiplE.WithoutGrid_brw"/>
</testsuite> <!-- multiplE.WithoutGrid_brw -->
