<?xml version="1.0" encoding="UTF-8"?>
<!-- Generated by org.testng.reporters.JUnitReportReporter -->
<testsuite skipped="1" hostname="ramsunkara" name="multiplE.TestBelongsToSingleGroup" tests="2" failures="0" timestamp="15 Jun 2019 05:18:53 GMT" time="0.016" errors="0">
  <testcase name="method2" time="0.016" classname="multiplE.TestBelongsToSingleGroup"/>
  <testcase name="method3" classname="multiplE.TestBelongsToSingleGroup">
    <skipped/>
  </testcase> <!-- method3 -->
</testsuite> <!-- multiplE.TestBelongsToSingleGroup -->
