<?xml version="1.0" encoding="UTF-8"?>
<!-- Generated by org.testng.reporters.JUnitReportReporter -->
<testsuite skipped="2" hostname="ramsunkara" name="multiplE.GroupToMulGroup" tests="6" failures="0" timestamp="15 Jun 2019 17:28:04 GMT" time="0.024" errors="0">
  <testcase name="method5" time="0.004" classname="multiplE.GroupToMulGroup"/>
  <testcase name="method2" time="0.014" classname="multiplE.GroupToMulGroup"/>
  <testcase name="method4" time="0.003" classname="multiplE.GroupToMulGroup"/>
  <testcase name="method3" time="0.003" classname="multiplE.GroupToMulGroup"/>
  <testcase name="method6" classname="multiplE.GroupToMulGroup">
    <skipped/>
  </testcase> <!-- method6 -->
  <testcase name="method1" classname="multiplE.GroupToMulGroup">
    <skipped/>
  </testcase> <!-- method1 -->
</testsuite> <!-- multiplE.GroupToMulGroup -->
